<?xml version="1.0" encoding="UTF-8"?>
<testng-results skipped="0" failed="0" ignored="0" total="1" passed="1">
  <reporter-output>
  </reporter-output>
  <suite name="Default suite" duration-ms="81" started-at="2020-08-13T09:47:43Z" finished-at="2020-08-13T09:47:43Z">
    <groups>
    </groups>
    <test name="Default test" duration-ms="81" started-at="2020-08-13T09:47:43Z" finished-at="2020-08-13T09:47:43Z">
      <class name="pac1.Sample3">
        <test-method status="PASS" signature="test1()[pri:0, instance:pac1.Sample3@5d5eef3d]" name="test1" duration-ms="15" started-at="2020-08-13T15:17:43Z" finished-at="2020-08-13T15:17:43Z">
          <reporter-output>
          </reporter-output>
        </test-method> <!-- test1 -->
      </class> <!-- pac1.Sample3 -->
    </test> <!-- Default test -->
  </suite> <!-- Default suite -->
</testng-results>
